<?xml version="1.0" encoding="UTF-8"?>
<!-- Generated by org.testng.reporters.JUnitXMLReporter -->
<testsuite ignored="21" hostname="LPTP-DD" failures="0" tests="1" name="Default test" time="10.914" errors="0" timestamp="2023-11-01T14:54:07 EDT">
  <testcase classname="Project3_Amazon_Run.implementation" name="productdetails_Verification" time="7.993"/>
  <testcase classname="Project3_Amazon_Run.implementation" name="saveProductForlaterList_Verification" time="0.0">
    <ignored/>
  </testcase> <!-- saveProductForlaterList_Verification -->
  <testcase classname="Project3_Amazon_Run.implementation" name="searchProductByFilter_Validation" time="0.0">
    <ignored/>
  </testcase> <!-- searchProductByFilter_Validation -->
  <testcase classname="Project3_Amazon_Run.implementation" name="changeCountryToCanada_Verifiaction" time="0.0">
    <ignored/>
  </testcase> <!-- changeCountryToCanada_Verifiaction -->
  <testcase classname="Project3_Amazon_Run.implementation" name="MarathiLanguage_Validation" time="0.0">
    <ignored/>
  </testcase> <!-- MarathiLanguage_Validation -->
  <testcase classname="Project3_Amazon_Run.implementation" name="categoryElectronics_Verification" time="0.0">
    <ignored/>
  </testcase> <!-- categoryElectronics_Verification -->
  <testcase classname="Project3_Amazon_Run.implementation" name="loginWithInvalidCredentials_Verifiaction" time="0.0">
    <ignored/>
  </testcase> <!-- loginWithInvalidCredentials_Verifiaction -->
  <testcase classname="Project3_Amazon_Run.implementation" name="globalSearchBox_Verification" time="0.0">
    <ignored/>
  </testcase> <!-- globalSearchBox_Verification -->
  <testcase classname="Project3_Amazon_Run.implementation" name="deleteItemFromCart_Verification" time="0.0">
    <ignored/>
  </testcase> <!-- deleteItemFromCart_Verification -->
  <testcase classname="Project3_Amazon_Run.implementation" name="allCategoryList_Verification" time="0.0">
    <ignored/>
  </testcase> <!-- allCategoryList_Verification -->
  <testcase classname="Project3_Amazon_Run.implementation" name="productQuantityInCart_Verification" time="0.0">
    <ignored/>
  </testcase> <!-- productQuantityInCart_Verification -->
  <testcase classname="Project3_Amazon_Run.implementation" name="signInLink_Verification" time="0.0">
    <ignored/>
  </testcase> <!-- signInLink_Verification -->
  <testcase classname="Project3_Amazon_Run.implementation" name="addProductToWishlistS_Verification" time="0.0">
    <ignored/>
  </testcase> <!-- addProductToWishlistS_Verification -->
  <testcase classname="Project3_Amazon_Run.implementation" name="changeCountryToUnitedKingdom_Verifiaction" time="0.0">
    <ignored/>
  </testcase> <!-- changeCountryToUnitedKingdom_Verifiaction -->
  <testcase classname="Project3_Amazon_Run.implementation" name="homepage_validation" time="0.0">
    <ignored/>
  </testcase> <!-- homepage_validation -->
  <testcase classname="Project3_Amazon_Run.implementation" name="addProductsToCart_Verification" time="0.0">
    <ignored/>
  </testcase> <!-- addProductsToCart_Verification -->
  <testcase classname="Project3_Amazon_Run.implementation" name="CountryLanguageList_Validation" time="0.0">
    <ignored/>
  </testcase> <!-- CountryLanguageList_Validation -->
  <testcase classname="Project3_Amazon_Run.implementation" name="register_NewUserAccount" time="0.0">
    <ignored/>
  </testcase> <!-- register_NewUserAccount -->
  <testcase classname="Project3_Amazon_Run.implementation" name="buyNowButtonfunctionality_Verification" time="0.0">
    <ignored/>
  </testcase> <!-- buyNowButtonfunctionality_Verification -->
  <testcase classname="Project3_Amazon_Run.implementation" name="categoryMobiles_Verification" time="0.0">
    <ignored/>
  </testcase> <!-- categoryMobiles_Verification -->
  <testcase classname="Project3_Amazon_Run.implementation" name="KannadaLanguage_Validation" time="0.0">
    <ignored/>
  </testcase> <!-- KannadaLanguage_Validation -->
  <testcase classname="Project3_Amazon_Run.implementation" name="proceedItemstoCheckOut_Verification" time="0.0">
    <ignored/>
  </testcase> <!-- proceedItemstoCheckOut_Verification -->
</testsuite> <!-- Default test -->
