<?xml version="1.0" encoding="UTF-8"?>
<testng-results ignored="0" total="1" passed="1" failed="0" skipped="0">
  <reporter-output>
  </reporter-output>
  <suite started-at="2023-11-01T14:53:56 EDT" name="Default suite" finished-at="2023-11-01T14:54:07 EDT" duration-ms="10914">
    <groups>
    </groups>
    <test started-at="2023-11-01T14:53:56 EDT" name="Default test" finished-at="2023-11-01T14:54:07 EDT" duration-ms="10914">
      <class name="Project3_Amazon_Run.implementation">
        <test-method is-config="true" signature="setUp_Browser()[pri:0, instance:Project3_Amazon_Run.implementation@17f62e33]" started-at="2023-11-01T14:53:56 EDT" name="setUp_Browser" finished-at="2023-11-01T14:53:59 EDT" duration-ms="2856" status="PASS">
          <reporter-output>
          </reporter-output>
        </test-method> <!-- setUp_Browser -->
        <test-method signature="productdetails_Verification()[pri:20, instance:Project3_Amazon_Run.implementation@17f62e33]" started-at="2023-11-01T14:53:59 EDT" name="productdetails_Verification" finished-at="2023-11-01T14:54:07 EDT" duration-ms="7993" status="PASS">
          <reporter-output>
          </reporter-output>
        </test-method> <!-- productdetails_Verification -->
      </class> <!-- Project3_Amazon_Run.implementation -->
    </test> <!-- Default test -->
  </suite> <!-- Default suite -->
</testng-results>
